<?xml version="1.0" encoding="UTF-8"?>
<testsuite name="es.flaviojmend.busyFlights.controller.ToughJetControllerTest" tests="1" skipped="0" failures="1" errors="0" timestamp="2017-03-27T19:44:29" hostname="fmendes" time="0.315">
  <properties/>
  <testcase name="searchFlights" classname="es.flaviojmend.busyFlights.controller.ToughJetControllerTest" time="0.315">
    <failure message="java.lang.AssertionError: expected:&lt;30&gt; but was:&lt;1&gt;" type="java.lang.AssertionError">java.lang.AssertionError: expected:&lt;30&gt; but was:&lt;1&gt;
	at org.junit.Assert.fail(Assert.java:88)
	at org.junit.Assert.failNotEquals(Assert.java:834)
	at org.junit.Assert.assertEquals(Assert.java:645)
	at org.junit.Assert.assertEquals(Assert.java:631)
	at es.flaviojmend.busyFlights.controller.ToughJetControllerTest.searchFlights(ToughJetControllerTest.java:36)
	at sun.reflect.NativeMethodAccessorImpl.invoke0(Native Method)
	at sun.reflect.NativeMethodAccessorImpl.invoke(NativeMethodAccessorImpl.java:62)
	at sun.reflect.DelegatingMethodAccessorImpl.invoke(DelegatingMethodAccessorImpl.java:43)
	at java.lang.reflect.Method.invoke(Method.java:498)
	at org.junit.runners.model.FrameworkMethod$1.runReflectiveCall(FrameworkMethod.java:50)
	at org.junit.internal.runners.model.ReflectiveCallable.run(ReflectiveCallable.java:12)
	at org.junit.runners.model.FrameworkMethod.invokeExplosively(FrameworkMethod.java:47)
	at org.junit.internal.runners.statements.InvokeMethod.evaluate(InvokeMethod.java:17)
	at org.springframework.test.context.junit4.statements.RunBeforeTestMethodCallbacks.evaluate(RunBeforeTestMethodCallbacks.java:75)
	at org.springframework.test.context.junit4.statements.RunAfterTestMethodCallbacks.evaluate(RunAfterTestMethodCallbacks.java:86)
	at org.springframework.test.context.junit4.statements.SpringRepeat.evaluate(SpringRepeat.java:84)
	at org.junit.runners.ParentRunner.runLeaf(ParentRunner.java:325)
	at org.springframework.test.context.junit4.SpringJUnit4ClassRunner.runChild(SpringJUnit4ClassRunner.java:252)
	at org.springframework.test.context.junit4.SpringJUnit4ClassRunner.runChild(SpringJUnit4ClassRunner.java:94)
	at org.junit.runners.ParentRunner$3.run(ParentRunner.java:290)
	at org.junit.runners.ParentRunner$1.schedule(ParentRunner.java:71)
	at org.junit.runners.ParentRunner.runChildren(ParentRunner.java:288)
	at org.junit.runners.ParentRunner.access$000(ParentRunner.java:58)
	at org.junit.runners.ParentRunner$2.evaluate(ParentRunner.java:268)
	at org.springframework.test.context.junit4.statements.RunBeforeTestClassCallbacks.evaluate(RunBeforeTestClassCallbacks.java:61)
	at org.springframework.test.context.junit4.statements.RunAfterTestClassCallbacks.evaluate(RunAfterTestClassCallbacks.java:70)
	at org.junit.runners.ParentRunner.run(ParentRunner.java:363)
	at org.springframework.test.context.junit4.SpringJUnit4ClassRunner.run(SpringJUnit4ClassRunner.java:191)
	at org.gradle.api.internal.tasks.testing.junit.JUnitTestClassExecuter.runTestClass(JUnitTestClassExecuter.java:114)
	at org.gradle.api.internal.tasks.testing.junit.JUnitTestClassExecuter.execute(JUnitTestClassExecuter.java:57)
	at org.gradle.api.internal.tasks.testing.junit.JUnitTestClassProcessor.processTestClass(JUnitTestClassProcessor.java:66)
	at org.gradle.api.internal.tasks.testing.SuiteTestClassProcessor.processTestClass(SuiteTestClassProcessor.java:51)
	at sun.reflect.NativeMethodAccessorImpl.invoke0(Native Method)
	at sun.reflect.NativeMethodAccessorImpl.invoke(NativeMethodAccessorImpl.java:62)
	at sun.reflect.DelegatingMethodAccessorImpl.invoke(DelegatingMethodAccessorImpl.java:43)
	at java.lang.reflect.Method.invoke(Method.java:498)
	at org.gradle.internal.dispatch.ReflectionDispatch.dispatch(ReflectionDispatch.java:35)
	at org.gradle.internal.dispatch.ReflectionDispatch.dispatch(ReflectionDispatch.java:24)
	at org.gradle.internal.dispatch.ContextClassLoaderDispatch.dispatch(ContextClassLoaderDispatch.java:32)
	at org.gradle.internal.dispatch.ProxyDispatchAdapter$DispatchingInvocationHandler.invoke(ProxyDispatchAdapter.java:93)
	at com.sun.proxy.$Proxy2.processTestClass(Unknown Source)
	at org.gradle.api.internal.tasks.testing.worker.TestWorker.processTestClass(TestWorker.java:109)
	at sun.reflect.NativeMethodAccessorImpl.invoke0(Native Method)
	at sun.reflect.NativeMethodAccessorImpl.invoke(NativeMethodAccessorImpl.java:62)
	at sun.reflect.DelegatingMethodAccessorImpl.invoke(DelegatingMethodAccessorImpl.java:43)
	at java.lang.reflect.Method.invoke(Method.java:498)
	at org.gradle.internal.dispatch.ReflectionDispatch.dispatch(ReflectionDispatch.java:35)
	at org.gradle.internal.dispatch.ReflectionDispatch.dispatch(ReflectionDispatch.java:24)
	at org.gradle.internal.remote.internal.hub.MessageHub$Handler.run(MessageHub.java:377)
	at org.gradle.internal.concurrent.ExecutorPolicy$CatchAndRecordFailures.onExecute(ExecutorPolicy.java:54)
	at org.gradle.internal.concurrent.StoppableExecutorImpl$1.run(StoppableExecutorImpl.java:40)
	at java.util.concurrent.ThreadPoolExecutor.runWorker(ThreadPoolExecutor.java:1142)
	at java.util.concurrent.ThreadPoolExecutor$Worker.run(ThreadPoolExecutor.java:617)
	at java.lang.Thread.run(Thread.java:745)
</failure>
  </testcase>
  <system-out><![CDATA[
  .   ____          _            __ _ _
 /\\ / ___'_ __ _ _(_)_ __  __ _ \ \ \ \
( ( )\___ | '_ | '_| | '_ \/ _` | \ \ \ \
 \\/  ___)| |_)| | | | | || (_| |  ) ) ) )
  '  |____| .__|_| |_|_| |_\__, | / / / /
 =========|_|==============|___/=/_/_/_/
 :: Spring Boot ::        (v1.5.2.RELEASE)

2017-03-27 16:44:25.738  INFO 30261 --- [    Test worker] e.f.b.c.ToughJetControllerTest           : Starting ToughJetControllerTest on fmendes with PID 30261 (started by flavio in /home/flavio/dev/dojoAPM/travel)
2017-03-27 16:44:25.744  INFO 30261 --- [    Test worker] e.f.b.c.ToughJetControllerTest           : No active profile set, falling back to default profiles: default
2017-03-27 16:44:25.796  INFO 30261 --- [    Test worker] ationConfigEmbeddedWebApplicationContext : Refreshing org.springframework.boot.context.embedded.AnnotationConfigEmbeddedWebApplicationContext@ac7a01: startup date [Mon Mar 27 16:44:25 BRT 2017]; root of context hierarchy
2017-03-27 16:44:27.329  INFO 30261 --- [    Test worker] o.e.j.u.log                              : Logging initialized @2950ms to org.eclipse.jetty.util.log.Slf4jLog
2017-03-27 16:44:27.413  INFO 30261 --- [    Test worker] e.j.JettyEmbeddedServletContainerFactory : Server initialized with port: 8001
2017-03-27 16:44:27.415  INFO 30261 --- [    Test worker] o.e.j.s.Server                           : jetty-9.4.2.v20170220
2017-03-27 16:44:27.524  INFO 30261 --- [    Test worker] o.e.j.s.session                          : DefaultSessionIdManager workerName=node0
2017-03-27 16:44:27.524  INFO 30261 --- [    Test worker] o.e.j.s.session                          : No SessionScavenger set, using defaults
2017-03-27 16:44:27.527  INFO 30261 --- [    Test worker] o.e.j.s.session                          : Scavenging every 600000ms
2017-03-27 16:44:27.531  INFO 30261 --- [    Test worker] o.e.j.C.application                      : Initializing Spring embedded WebApplicationContext
2017-03-27 16:44:27.532  INFO 30261 --- [    Test worker] o.s.w.c.ContextLoader                    : Root WebApplicationContext: initialization completed in 1740 ms
2017-03-27 16:44:27.650  INFO 30261 --- [    Test worker] o.s.b.w.s.ServletRegistrationBean        : Mapping servlet: 'dispatcherServlet' to [/]
2017-03-27 16:44:27.652  INFO 30261 --- [    Test worker] o.s.b.w.s.FilterRegistrationBean         : Mapping filter: 'characterEncodingFilter' to: [/*]
2017-03-27 16:44:27.652  INFO 30261 --- [    Test worker] o.s.b.w.s.FilterRegistrationBean         : Mapping filter: 'hiddenHttpMethodFilter' to: [/*]
2017-03-27 16:44:27.652  INFO 30261 --- [    Test worker] o.s.b.w.s.FilterRegistrationBean         : Mapping filter: 'httpPutFormContentFilter' to: [/*]
2017-03-27 16:44:27.652  INFO 30261 --- [    Test worker] o.s.b.w.s.FilterRegistrationBean         : Mapping filter: 'requestContextFilter' to: [/*]
2017-03-27 16:44:27.855  INFO 30261 --- [    Test worker] o.e.j.s.h.ContextHandler                 : Started o.s.b.c.e.j.JettyEmbeddedWebAppContext@4bfd845d{/,[file:///tmp/jetty-docbase.7654860770656483108.8001/],AVAILABLE}
2017-03-27 16:44:27.856  INFO 30261 --- [    Test worker] o.e.j.s.Server                           : Started @3477ms
2017-03-27 16:44:28.089  INFO 30261 --- [    Test worker] o.m.d.cluster                            : Cluster created with settings {hosts=[172.17.0.2:27017], mode=MULTIPLE, requiredClusterType=UNKNOWN, serverSelectionTimeout='30000 ms', maxWaitQueueSize=500}
2017-03-27 16:44:28.091  INFO 30261 --- [    Test worker] o.m.d.cluster                            : Adding discovered server 172.17.0.2:27017 to client view of cluster
2017-03-27 16:44:28.193  INFO 30261 --- [72.17.0.2:27017] o.m.d.connection                         : Opened connection [connectionId{localValue:1, serverValue:44}] to 172.17.0.2:27017
2017-03-27 16:44:28.196  INFO 30261 --- [72.17.0.2:27017] o.m.d.cluster                            : Monitor thread successfully connected to server with description ServerDescription{address=172.17.0.2:27017, type=STANDALONE, state=CONNECTED, ok=true, version=ServerVersion{versionList=[3, 4, 2]}, minWireVersion=0, maxWireVersion=5, maxDocumentSize=16777216, roundTripTimeNanos=1056069}
2017-03-27 16:44:28.200  INFO 30261 --- [72.17.0.2:27017] o.m.d.cluster                            : Discovered cluster type of STANDALONE
2017-03-27 16:44:28.683  INFO 30261 --- [    Test worker] s.w.s.m.m.a.RequestMappingHandlerAdapter : Looking for @ControllerAdvice: org.springframework.boot.context.embedded.AnnotationConfigEmbeddedWebApplicationContext@ac7a01: startup date [Mon Mar 27 16:44:25 BRT 2017]; root of context hierarchy
2017-03-27 16:44:28.766  INFO 30261 --- [    Test worker] s.w.s.m.m.a.RequestMappingHandlerMapping : Mapped "{[/crazyAir],methods=[GET]}" onto public java.lang.Iterable<es.flaviojmend.xjet.persistence.entity.CrazyAirFlight> es.flaviojmend.xjet.controller.CrazyAirController.listAll()
2017-03-27 16:44:28.767  INFO 30261 --- [    Test worker] s.w.s.m.m.a.RequestMappingHandlerMapping : Mapped "{[/crazyAir],methods=[PUT]}" onto public org.springframework.http.ResponseEntity<?> es.flaviojmend.xjet.controller.CrazyAirController.save(es.flaviojmend.xjet.persistence.entity.CrazyAirFlight)
2017-03-27 16:44:28.768  INFO 30261 --- [    Test worker] s.w.s.m.m.a.RequestMappingHandlerMapping : Mapped "{[/crazyAir],methods=[POST]}" onto public java.lang.Iterable<es.flaviojmend.xjet.persistence.entity.CrazyAirFlight> es.flaviojmend.xjet.controller.CrazyAirController.search(es.flaviojmend.xjet.command.CrazyAirFilterCommand)
2017-03-27 16:44:28.769  INFO 30261 --- [    Test worker] s.w.s.m.m.a.RequestMappingHandlerMapping : Mapped "{[/searchFlights],methods=[GET]}" onto public org.springframework.http.ResponseEntity<?> es.flaviojmend.xjet.controller.FlightsController.listAll()
2017-03-27 16:44:28.770  INFO 30261 --- [    Test worker] s.w.s.m.m.a.RequestMappingHandlerMapping : Mapped "{[/searchFlights],methods=[POST]}" onto public org.springframework.http.ResponseEntity<?> es.flaviojmend.xjet.controller.FlightsController.search(es.flaviojmend.xjet.command.FlightsFilterCommand)
2017-03-27 16:44:28.771  INFO 30261 --- [    Test worker] s.w.s.m.m.a.RequestMappingHandlerMapping : Mapped "{[/toughJet],methods=[GET]}" onto public java.lang.Iterable<es.flaviojmend.xjet.persistence.entity.ToughJetFlight> es.flaviojmend.xjet.controller.ToughJetController.listAll()
2017-03-27 16:44:28.772  INFO 30261 --- [    Test worker] s.w.s.m.m.a.RequestMappingHandlerMapping : Mapped "{[/toughJet],methods=[PUT]}" onto public org.springframework.http.ResponseEntity<?> es.flaviojmend.xjet.controller.ToughJetController.save(es.flaviojmend.xjet.persistence.entity.ToughJetFlight)
2017-03-27 16:44:28.772  INFO 30261 --- [    Test worker] s.w.s.m.m.a.RequestMappingHandlerMapping : Mapped "{[/toughJet],methods=[POST]}" onto public java.lang.Iterable<es.flaviojmend.xjet.persistence.entity.ToughJetFlight> es.flaviojmend.xjet.controller.ToughJetController.search(es.flaviojmend.xjet.command.ToughJetFilterCommand)
2017-03-27 16:44:28.775  INFO 30261 --- [    Test worker] s.w.s.m.m.a.RequestMappingHandlerMapping : Mapped "{[/error],produces=[text/html]}" onto public org.springframework.web.servlet.ModelAndView org.springframework.boot.autoconfigure.web.BasicErrorController.errorHtml(javax.servlet.http.HttpServletRequest,javax.servlet.http.HttpServletResponse)
2017-03-27 16:44:28.775  INFO 30261 --- [    Test worker] s.w.s.m.m.a.RequestMappingHandlerMapping : Mapped "{[/error]}" onto public org.springframework.http.ResponseEntity<java.util.Map<java.lang.String, java.lang.Object>> org.springframework.boot.autoconfigure.web.BasicErrorController.error(javax.servlet.http.HttpServletRequest)
2017-03-27 16:44:28.818  INFO 30261 --- [    Test worker] o.s.w.s.h.SimpleUrlHandlerMapping        : Mapped URL path [/webjars/**] onto handler of type [class org.springframework.web.servlet.resource.ResourceHttpRequestHandler]
2017-03-27 16:44:28.818  INFO 30261 --- [    Test worker] o.s.w.s.h.SimpleUrlHandlerMapping        : Mapped URL path [/**] onto handler of type [class org.springframework.web.servlet.resource.ResourceHttpRequestHandler]
2017-03-27 16:44:28.865  INFO 30261 --- [    Test worker] o.s.w.s.h.SimpleUrlHandlerMapping        : Mapped URL path [/**/favicon.ico] onto handler of type [class org.springframework.web.servlet.resource.ResourceHttpRequestHandler]
2017-03-27 16:44:28.899  INFO 30261 --- [    Test worker] oConfiguration$WelcomePageHandlerMapping : Adding welcome page: class path resource [static/index.html]
2017-03-27 16:44:29.086  INFO 30261 --- [    Test worker] o.e.j.C.application                      : Initializing Spring FrameworkServlet 'dispatcherServlet'
2017-03-27 16:44:29.086  INFO 30261 --- [    Test worker] o.s.w.s.DispatcherServlet                : FrameworkServlet 'dispatcherServlet': initialization started
2017-03-27 16:44:29.100  INFO 30261 --- [    Test worker] o.s.w.s.DispatcherServlet                : FrameworkServlet 'dispatcherServlet': initialization completed in 14 ms
2017-03-27 16:44:29.121  INFO 30261 --- [    Test worker] o.e.j.s.AbstractConnector                : Started ServerConnector@7bf014d4{HTTP/1.1,[http/1.1]}{0.0.0.0:8001}
2017-03-27 16:44:29.122  INFO 30261 --- [    Test worker] .s.b.c.e.j.JettyEmbeddedServletContainer : Jetty started on port(s) 8001 (http/1.1)
2017-03-27 16:44:29.126  INFO 30261 --- [    Test worker] e.f.b.c.ToughJetControllerTest           : Started ToughJetControllerTest in 3.713 seconds (JVM running for 4.748)
2017-03-27 16:44:29.359  INFO 30261 --- [tp1762456009-23] o.m.d.connection                         : Opened connection [connectionId{localValue:2, serverValue:45}] to 172.17.0.2:27017
]]></system-out>
  <system-err><![CDATA[]]></system-err>
</testsuite>
